\BOOKMARK [1][-]{section.1}{Introduction}{}% 1
\BOOKMARK [1][-]{section.2}{Related Work}{}% 2
\BOOKMARK [1][-]{section.3}{Background}{}% 3
\BOOKMARK [2][-]{subsection.3.1}{The algorithm: DBSCAN}{section.3}% 4
\BOOKMARK [3][-]{subsubsection.3.1.1}{Other Clustering Algorithms}{subsection.3.1}% 5
\BOOKMARK [3][-]{subsubsection.3.1.2}{S.o.A for sequential and distributed implementations}{subsection.3.1}% 6
\BOOKMARK [2][-]{subsection.3.2}{The framework: COMPSs}{section.3}% 7
\BOOKMARK [1][-]{section.4}{Implementation Proposal}{}% 8
\BOOKMARK [2][-]{subsection.4.1}{Task 1: Data Loading}{section.4}% 9
\BOOKMARK [2][-]{subsection.4.2}{Task 2: Partial Scan}{section.4}% 10
\BOOKMARK [2][-]{subsection.4.3}{Task 3: Cluster Synchronization}{section.4}% 11
\BOOKMARK [2][-]{subsection.4.4}{Cluster Mapping}{section.4}% 12
\BOOKMARK [3][-]{subsubsection.4.4.1}{Cluster Expansion}{subsection.4.4}% 13
\BOOKMARK [1][-]{section.5}{Evaluation}{}% 14
\BOOKMARK [2][-]{subsection.5.1}{Infrastructure}{section.5}% 15
\BOOKMARK [2][-]{subsection.5.2}{Runtime Metrics}{section.5}% 16
\BOOKMARK [2][-]{subsection.5.3}{Critical Analysis}{section.5}% 17
\BOOKMARK [3][-]{subsubsection.5.3.1}{Dependence on the scale parameters:}{subsection.5.3}% 18
\BOOKMARK [3][-]{subsubsection.5.3.2}{On memory, CPUs per node and scalability:}{subsection.5.3}% 19
\BOOKMARK [3][-]{subsubsection.5.3.3}{On time complexity}{subsection.5.3}% 20
\BOOKMARK [3][-]{subsubsection.5.3.4}{Testing with real data and comparing with S.o.A implementations}{subsection.5.3}% 21
\BOOKMARK [1][-]{section.6}{Conclusion}{}% 22
\BOOKMARK [2][-]{subsection.6.1}{Further Development and Improvement Proposals}{section.6}% 23
\BOOKMARK [1][-]{section*.2}{References}{}% 24
